<?xml version="1.0" encoding="UTF-8" ?>

<testsuite failures="0" time="0.312" errors="1" skipped="0" tests="0" name="BasicTest">

  <testcase classname="BasicTest" name="aVeryImportantThingToTest" time="0.312">
    
      
      
        <error type="" message="A play.db.jpa.JPABase$JPAQueryException has been caught, Error while executing query &amp;lt;strong&amp;gt;from models.User where &amp;#29992;&amp;#25143;&amp;#32452; = ?1&amp;lt;/strong&amp;gt;: Schema &amp;quot;DBO&amp;quot; not found; SQL statement:
select top 1 user0_.id as id0_, user0_.&amp;#23494;&amp;#30721; as &amp;#23494;&amp;#30721;0_, user0_.&amp;#29992;&amp;#25143;&amp;#32452; as &amp;#29992;&amp;#25143;&amp;#32452;0_ from dbo.&amp;#29992;&amp;#25143;&amp;#32452; user0_ where user0_.&amp;#29992;&amp;#25143;&amp;#32452;=? [90079-166]">
        <![CDATA[
          In /test/BasicTest.java, line 13
          
                      User bob = User.find(&quot;&#29992;&#25143;&#32452;&quot;, &quot;&#31995;&#32479;&#31649;&#29702;&#21592;&quot;).first(); :
          
        ]]>
        </error>
        
          <system-err>
            play.db.jpa.JPABase$JPAQueryException: Error while executing query &lt;strong&gt;from models.User where &#29992;&#25143;&#32452; = ?1&lt;/strong&gt;: Schema &quot;DBO&quot; not found; SQL statement:
select top 1 user0_.id as id0_, user0_.&#23494;&#30721; as &#23494;&#30721;0_, user0_.&#29992;&#25143;&#32452; as &#29992;&#25143;&#32452;0_ from dbo.&#29992;&#25143;&#32452; user0_ where user0_.&#29992;&#25143;&#32452;=? [90079-166]
	at play.db.jpa.GenericModel$JPAQuery.first(GenericModel.java:347)
	at BasicTest.aVeryImportantThingToTest(BasicTest.java:13)
	at sun.reflect.NativeMethodAccessorImpl.invoke0(Native Method)
	at sun.reflect.NativeMethodAccessorImpl.invoke(NativeMethodAccessorImpl.java:57)
	at sun.reflect.DelegatingMethodAccessorImpl.invoke(DelegatingMethodAccessorImpl.java:43)
	at java.lang.reflect.Method.invoke(Method.java:601)
	at org.junit.runners.model.FrameworkMethod$1.runReflectiveCall(FrameworkMethod.java:45)
	at org.junit.internal.runners.model.ReflectiveCallable.run(ReflectiveCallable.java:15)
	at org.junit.runners.model.FrameworkMethod.invokeExplosively(FrameworkMethod.java:42)
	at org.junit.internal.runners.statements.InvokeMethod.evaluate(InvokeMethod.java:20)
	at play.test.PlayJUnitRunner$StartPlay$2$1.evaluate(PlayJUnitRunner.java:114)
	at org.junit.runners.ParentRunner.runLeaf(ParentRunner.java:263)
	at org.junit.runners.BlockJUnit4ClassRunner.runChild(BlockJUnit4ClassRunner.java:68)
	at org.junit.runners.BlockJUnit4ClassRunner.runChild(BlockJUnit4ClassRunner.java:47)
	at org.junit.runners.ParentRunner$3.run(ParentRunner.java:231)
	at org.junit.runners.ParentRunner$1.schedule(ParentRunner.java:60)
	at org.junit.runners.ParentRunner.runChildren(ParentRunner.java:229)
	at org.junit.runners.ParentRunner.access$000(ParentRunner.java:50)
	at org.junit.runners.ParentRunner$2.evaluate(ParentRunner.java:222)
	at org.junit.runners.ParentRunner.run(ParentRunner.java:300)
	at play.test.PlayJUnitRunner.run(PlayJUnitRunner.java:58)
	at org.junit.runners.Suite.runChild(Suite.java:128)
	at org.junit.runners.Suite.runChild(Suite.java:24)
	at org.junit.runners.ParentRunner$3.run(ParentRunner.java:231)
	at org.junit.runners.ParentRunner$1.schedule(ParentRunner.java:60)
	at org.junit.runners.ParentRunner.runChildren(ParentRunner.java:229)
	at org.junit.runners.ParentRunner.access$000(ParentRunner.java:50)
	at org.junit.runners.ParentRunner$2.evaluate(ParentRunner.java:222)
	at org.junit.runners.ParentRunner.run(ParentRunner.java:300)
	at org.junit.runner.JUnitCore.run(JUnitCore.java:157)
	at org.junit.runner.JUnitCore.run(JUnitCore.java:136)
	at org.junit.runner.JUnitCore.run(JUnitCore.java:117)
	at play.test.TestEngine.run(TestEngine.java:112)
	at controllers.TestRunner.run(TestRunner.java:66)
	at sun.reflect.NativeMethodAccessorImpl.invoke0(Native Method)
	at sun.reflect.NativeMethodAccessorImpl.invoke(NativeMethodAccessorImpl.java:57)
	at sun.reflect.DelegatingMethodAccessorImpl.invoke(DelegatingMethodAccessorImpl.java:43)
	at java.lang.reflect.Method.invoke(Method.java:601)
	at play.mvc.ActionInvoker.invokeWithContinuation(ActionInvoker.java:557)
	at play.mvc.ActionInvoker.invoke(ActionInvoker.java:508)
	at play.mvc.ActionInvoker.invokeControllerMethod(ActionInvoker.java:484)
	at play.mvc.ActionInvoker.invokeControllerMethod(ActionInvoker.java:479)
	at play.mvc.ActionInvoker.invoke(ActionInvoker.java:161)
	at play.server.PlayHandler$NettyInvocation.execute(PlayHandler.java:251)
	at play.Invoker$Invocation.run(Invoker.java:276)
	at play.server.PlayHandler$NettyInvocation.run(PlayHandler.java:229)
	at java.util.concurrent.Executors$RunnableAdapter.call(Executors.java:471)
	at java.util.concurrent.FutureTask$Sync.innerRun(FutureTask.java:334)
	at java.util.concurrent.FutureTask.run(FutureTask.java:166)
	at java.util.concurrent.ScheduledThreadPoolExecutor$ScheduledFutureTask.access$201(ScheduledThreadPoolExecutor.java:178)
	at java.util.concurrent.ScheduledThreadPoolExecutor$ScheduledFutureTask.run(ScheduledThreadPoolExecutor.java:292)
	at java.util.concurrent.ThreadPoolExecutor.runWorker(ThreadPoolExecutor.java:1110)
	at java.util.concurrent.ThreadPoolExecutor$Worker.run(ThreadPoolExecutor.java:603)
	at java.lang.Thread.run(Thread.java:722)
Caused by: org.h2.jdbc.JdbcSQLException: Schema &quot;DBO&quot; not found; SQL statement:
select top 1 user0_.id as id0_, user0_.&#23494;&#30721; as &#23494;&#30721;0_, user0_.&#29992;&#25143;&#32452; as &#29992;&#25143;&#32452;0_ from dbo.&#29992;&#25143;&#32452; user0_ where user0_.&#29992;&#25143;&#32452;=? [90079-166]
	at org.h2.message.DbException.getJdbcSQLException(DbException.java:329)
	at org.h2.message.DbException.get(DbException.java:169)
	at org.h2.message.DbException.get(DbException.java:146)
	at org.h2.command.Parser.getSchema(Parser.java:613)
	at org.h2.command.Parser.getSchema(Parser.java:620)
	at org.h2.command.Parser.readTableFilter(Parser.java:1059)
	at org.h2.command.Parser.parseSelectSimpleFromPart(Parser.java:1690)
	at org.h2.command.Parser.parseSelectSimple(Parser.java:1797)
	at org.h2.command.Parser.parseSelectSub(Parser.java:1684)
	at org.h2.command.Parser.parseSelectUnion(Parser.java:1527)
	at org.h2.command.Parser.parseSelect(Parser.java:1515)
	at org.h2.command.Parser.parsePrepared(Parser.java:405)
	at org.h2.command.Parser.parse(Parser.java:279)
	at org.h2.command.Parser.parse(Parser.java:251)
	at org.h2.command.Parser.prepareCommand(Parser.java:217)
	at org.h2.engine.Session.prepareLocal(Session.java:415)
	at org.h2.engine.Session.prepareCommand(Session.java:364)
	at org.h2.jdbc.JdbcConnection.prepareCommand(JdbcConnection.java:1111)
	at org.h2.jdbc.JdbcPreparedStatement.&lt;init&gt;(JdbcPreparedStatement.java:71)
	at org.h2.jdbc.JdbcConnection.prepareStatement(JdbcConnection.java:266)
	at com.mchange.v2.c3p0.impl.NewProxyConnection.prepareStatement(NewProxyConnection.java:213)
	at sun.reflect.NativeMethodAccessorImpl.invoke0(Native Method)
	at sun.reflect.NativeMethodAccessorImpl.invoke(NativeMethodAccessorImpl.java:57)
	at sun.reflect.DelegatingMethodAccessorImpl.invoke(DelegatingMethodAccessorImpl.java:43)
	at java.lang.reflect.Method.invoke(Method.java:601)
	at org.hibernate.engine.jdbc.internal.proxy.ConnectionProxyHandler.continueInvocation(ConnectionProxyHandler.java:138)
	at org.hibernate.engine.jdbc.internal.proxy.AbstractProxyHandler.invoke(AbstractProxyHandler.java:81)
	at $Proxy19.prepareStatement(Unknown Source)
	at org.hibernate.engine.jdbc.internal.StatementPreparerImpl$5.doPrepare(StatementPreparerImpl.java:147)
	at org.hibernate.engine.jdbc.internal.StatementPreparerImpl$StatementPreparationTemplate.prepareStatement(StatementPreparerImpl.java:166)
	at org.hibernate.engine.jdbc.internal.StatementPreparerImpl.prepareQueryStatement(StatementPreparerImpl.java:145)
	at org.hibernate.loader.Loader.prepareQueryStatement(Loader.java:1711)
	at org.hibernate.loader.Loader.doQuery(Loader.java:828)
	at org.hibernate.loader.Loader.doQueryAndInitializeNonLazyCollections(Loader.java:289)
	at org.hibernate.loader.Loader.doList(Loader.java:2438)
	at org.hibernate.loader.Loader.doList(Loader.java:2424)
	at org.hibernate.loader.Loader.listIgnoreQueryCache(Loader.java:2254)
	at org.hibernate.loader.Loader.list(Loader.java:2249)
	at org.hibernate.loader.hql.QueryLoader.list(QueryLoader.java:470)
	at org.hibernate.hql.internal.ast.QueryTranslatorImpl.list(QueryTranslatorImpl.java:355)
	at org.hibernate.engine.query.spi.HQLQueryPlan.performList(HQLQueryPlan.java:195)
	at org.hibernate.internal.SessionImpl.list(SessionImpl.java:1248)
	at org.hibernate.internal.QueryImpl.list(QueryImpl.java:101)
	at org.hibernate.ejb.QueryImpl.getResultList(QueryImpl.java:256)
	at play.db.jpa.GenericModel$JPAQuery.first(GenericModel.java:341)
	... 53 more

          </system-err>  
        }
      
    
  </testcase>

</testsuite>
